
  .   ____          _            __ _ _
 /\\ / ___'_ __ _ _(_)_ __  __ _ \ \ \ \
( ( )\___ | '_ | '_| | '_ \/ _` | \ \ \ \
 \\/  ___)| |_)| | | | | || (_| |  ) ) ) )
  '  |____| .__|_| |_|_| |_\__, | / / / /
 =========|_|==============|___/=/_/_/_/
 :: Spring Boot ::        (v2.1.0.RELEASE)

2021-12-09 14:47:35.705  INFO 64659 --- [           main] o.s.boot.SpringApplication               : Starting application on kuanghaochuandeMacBook-Pro.local with PID 64659 (started by kuanghaochuan in /Users/kuanghaochuan/Projects/java-test/as/spring-boot-assembly/target-no-mysql/spring-boot-assembly)
2021-12-09 14:47:35.707  INFO 64659 --- [           main] o.s.boot.SpringApplication               : The following profiles are active: khc
2021-12-09 14:47:38.237  INFO 64659 --- [           main] o.s.b.w.embedded.tomcat.TomcatWebServer  : Tomcat initialized with port(s): 9999 (http)
2021-12-09 14:47:38.273  INFO 64659 --- [           main] o.apache.catalina.core.StandardService   : Starting service [Tomcat]
2021-12-09 14:47:38.273  INFO 64659 --- [           main] org.apache.catalina.core.StandardEngine  : Starting Servlet Engine: Apache Tomcat/9.0.12
2021-12-09 14:47:38.289  INFO 64659 --- [           main] o.a.catalina.core.AprLifecycleListener   : The APR based Apache Tomcat Native library which allows optimal performance in production environments was not found on the java.library.path: [/Users/kuanghaochuan/Library/Java/Extensions:/Library/Java/Extensions:/Network/Library/Java/Extensions:/System/Library/Java/Extensions:/usr/lib/java:.]
2021-12-09 14:47:38.376  INFO 64659 --- [           main] o.a.c.c.C.[.[localhost].[/example]       : Initializing Spring embedded WebApplicationContext
2021-12-09 14:47:38.376  INFO 64659 --- [           main] o.s.web.context.ContextLoader            : Root WebApplicationContext: initialization completed in 2535 ms
2021-12-09 14:47:38.431  INFO 64659 --- [           main] o.s.b.w.servlet.ServletRegistrationBean  : Servlet dispatcherServlet mapped to [/]
2021-12-09 14:47:38.435  INFO 64659 --- [           main] o.s.b.w.servlet.FilterRegistrationBean   : Mapping filter: 'characterEncodingFilter' to: [/*]
2021-12-09 14:47:38.435  INFO 64659 --- [           main] o.s.b.w.servlet.FilterRegistrationBean   : Mapping filter: 'hiddenHttpMethodFilter' to: [/*]
2021-12-09 14:47:38.435  INFO 64659 --- [           main] o.s.b.w.servlet.FilterRegistrationBean   : Mapping filter: 'formContentFilter' to: [/*]
2021-12-09 14:47:38.435  INFO 64659 --- [           main] o.s.b.w.servlet.FilterRegistrationBean   : Mapping filter: 'requestContextFilter' to: [/*]
2021-12-09 14:47:38.867  INFO 64659 --- [           main] o.s.s.concurrent.ThreadPoolTaskExecutor  : Initializing ExecutorService 'applicationTaskExecutor'
2021-12-09 14:47:39.006  INFO 64659 --- [           main] o.s.b.a.w.s.WelcomePageHandlerMapping    : Adding welcome page: class path resource [static/index.html]
2021-12-09 14:47:39.247  INFO 64659 --- [           main] o.s.b.w.embedded.tomcat.TomcatWebServer  : Tomcat started on port(s): 9999 (http) with context path '/example'
2021-12-09 14:47:39.251  INFO 64659 --- [           main] o.s.boot.SpringApplication               : Started application in 4.324 seconds (JVM running for 5.019)
2021-12-09 14:47:39.254  INFO 64659 --- [           main] i.g.springboot.assembly.Application      : spring.profiles.active = khc
2021-12-09 14:47:39.255  INFO 64659 --- [           main] i.g.springboot.assembly.Application      : contextPath = /example
2021-12-09 14:47:39.256  INFO 64659 --- [           main] i.g.springboot.assembly.Application      : server.port = 9999
2021-12-09 14:47:39.256  INFO 64659 --- [           main] i.g.springboot.assembly.Application      : hello = Hello Local
2021-12-09 14:47:39.256  INFO 64659 --- [           main] i.g.springboot.assembly.Application      : http://localhost:9999/example/hello?name=spring-boot-assembly
2021-12-09 14:47:39.256  INFO 64659 --- [           main] i.g.springboot.assembly.Application      : http://localhost:9999/example/otherFile
